0 info it worked if it ends with ok
1 verbose cli [ '/usr/local/bin/node', '/usr/local/bin/npm', 'run', 'foreman' ]
2 info using npm@3.10.10
3 info using node@v6.9.4
4 verbose run-script [ 'preforeman', 'foreman', 'postforeman' ]
5 info lifecycle react-webpack-rails-tutorial@0.0.1~preforeman: react-webpack-rails-tutorial@0.0.1
6 silly lifecycle react-webpack-rails-tutorial@0.0.1~preforeman: no script for preforeman, continuing
7 info lifecycle react-webpack-rails-tutorial@0.0.1~foreman: react-webpack-rails-tutorial@0.0.1
8 verbose lifecycle react-webpack-rails-tutorial@0.0.1~foreman: unsafe-perm in lifecycle true
9 verbose lifecycle react-webpack-rails-tutorial@0.0.1~foreman: PATH: /usr/local/lib/node_modules/npm/bin/node-gyp-bin:/Users/loganmurdock/Programming Projects/Rails_Projects/Quora_CloneV1/client/node_modules/.bin:/Users/loganmurdock/.rbenv/shims:/usr/local/bin:/usr/bin:/bin:/usr/sbin:/sbin:/usr/local/MacGPG2/bin:/Users/loganmurdock/.rvm/bin
10 verbose lifecycle react-webpack-rails-tutorial@0.0.1~foreman: CWD: /Users/loganmurdock/Programming Projects/Rails_Projects/Quora_CloneV1/client
11 silly lifecycle react-webpack-rails-tutorial@0.0.1~foreman: Args: [ '-c', 'foreman start -f Procfile.dev' ]
12 silly lifecycle react-webpack-rails-tutorial@0.0.1~foreman: Returned: code: 1  signal: null
13 info lifecycle react-webpack-rails-tutorial@0.0.1~foreman: Failed to exec foreman script
14 verbose stack Error: react-webpack-rails-tutorial@0.0.1 foreman: `foreman start -f Procfile.dev`
14 verbose stack Exit status 1
14 verbose stack     at EventEmitter.<anonymous> (/usr/local/lib/node_modules/npm/lib/utils/lifecycle.js:255:16)
14 verbose stack     at emitTwo (events.js:106:13)
14 verbose stack     at EventEmitter.emit (events.js:191:7)
14 verbose stack     at ChildProcess.<anonymous> (/usr/local/lib/node_modules/npm/lib/utils/spawn.js:40:14)
14 verbose stack     at emitTwo (events.js:106:13)
14 verbose stack     at ChildProcess.emit (events.js:191:7)
14 verbose stack     at maybeClose (internal/child_process.js:877:16)
14 verbose stack     at Process.ChildProcess._handle.onexit (internal/child_process.js:226:5)
15 verbose pkgid react-webpack-rails-tutorial@0.0.1
16 verbose cwd /Users/loganmurdock/Programming Projects/Rails_Projects/Quora_CloneV1/client
17 error Darwin 15.6.0
18 error argv "/usr/local/bin/node" "/usr/local/bin/npm" "run" "foreman"
19 error node v6.9.4
20 error npm  v3.10.10
21 error code ELIFECYCLE
22 error react-webpack-rails-tutorial@0.0.1 foreman: `foreman start -f Procfile.dev`
22 error Exit status 1
23 error Failed at the react-webpack-rails-tutorial@0.0.1 foreman script 'foreman start -f Procfile.dev'.
23 error Make sure you have the latest version of node.js and npm installed.
23 error If you do, this is most likely a problem with the react-webpack-rails-tutorial package,
23 error not with npm itself.
23 error Tell the author that this fails on your system:
23 error     foreman start -f Procfile.dev
23 error You can get information on how to open an issue for this project with:
23 error     npm bugs react-webpack-rails-tutorial
23 error Or if that isn't available, you can get their info via:
23 error     npm owner ls react-webpack-rails-tutorial
23 error There is likely additional logging output above.
24 verbose exit [ 1, true ]
